<?xml version="1.0" encoding="UTF-8"?>
<testng-results ignored="0" total="2" passed="2" failed="0" skipped="0">
  <reporter-output>
  </reporter-output>
  <suite started-at="2022-07-22T18:34:12 IST" name="Default suite" finished-at="2022-07-22T18:34:12 IST" duration-ms="501">
    <groups>
    </groups>
    <test started-at="2022-07-22T18:34:12 IST" name="Default test" finished-at="2022-07-22T18:34:12 IST" duration-ms="501">
      <class name="klovReport.ReportDemo">
        <test-method is-config="true" signature="startReport()[pri:0, instance:klovReport.ReportDemo@4659191b]" started-at="2022-07-22T18:34:10 IST" name="startReport" finished-at="2022-07-22T18:34:12 IST" duration-ms="1392" status="PASS">
          <reporter-output>
          </reporter-output>
        </test-method> <!-- startReport -->
        <test-method is-config="true" signature="beforeTest(org.testng.ITestContext)[pri:0, instance:klovReport.ReportDemo@4659191b]" started-at="2022-07-22T18:34:12 IST" name="beforeTest" finished-at="2022-07-22T18:34:12 IST" duration-ms="239" status="PASS">
          <params>
            <param index="0">
              <value>
                <![CDATA[org.testng.TestRunner@1eba372c]]>
              </value>
            </param>
          </params>
          <reporter-output>
          </reporter-output>
        </test-method> <!-- beforeTest -->
        <test-method is-config="true" signature="beforeMethod(java.lang.reflect.Method)[pri:0, instance:klovReport.ReportDemo@4659191b]" started-at="2022-07-22T18:34:12 IST" name="beforeMethod" finished-at="2022-07-22T18:34:12 IST" duration-ms="22" status="PASS">
          <params>
            <param index="0">
              <value>
                <![CDATA[public void klovReport.ReportDemo.testKlov1()]]>
              </value>
            </param>
          </params>
          <reporter-output>
          </reporter-output>
        </test-method> <!-- beforeMethod -->
        <test-method signature="testKlov1()[pri:0, instance:klovReport.ReportDemo@4659191b]" started-at="2022-07-22T18:34:12 IST" name="testKlov1" finished-at="2022-07-22T18:34:12 IST" duration-ms="75" status="PASS">
          <reporter-output>
          </reporter-output>
        </test-method> <!-- testKlov1 -->
        <test-method is-config="true" signature="flushReport()[pri:0, instance:klovReport.ReportDemo@4659191b]" started-at="2022-07-22T18:34:12 IST" name="flushReport" finished-at="2022-07-22T18:34:12 IST" duration-ms="36" status="PASS">
          <reporter-output>
          </reporter-output>
        </test-method> <!-- flushReport -->
        <test-method is-config="true" signature="beforeMethod(java.lang.reflect.Method)[pri:0, instance:klovReport.ReportDemo@4659191b]" started-at="2022-07-22T18:34:12 IST" name="beforeMethod" finished-at="2022-07-22T18:34:12 IST" duration-ms="7" status="PASS">
          <params>
            <param index="0">
              <value>
                <![CDATA[public void klovReport.ReportDemo.testKlov2()]]>
              </value>
            </param>
          </params>
          <reporter-output>
          </reporter-output>
        </test-method> <!-- beforeMethod -->
        <test-method signature="testKlov2()[pri:0, instance:klovReport.ReportDemo@4659191b]" started-at="2022-07-22T18:34:12 IST" name="testKlov2" finished-at="2022-07-22T18:34:12 IST" duration-ms="35" status="PASS">
          <reporter-output>
          </reporter-output>
        </test-method> <!-- testKlov2 -->
        <test-method is-config="true" signature="flushReport()[pri:0, instance:klovReport.ReportDemo@4659191b]" started-at="2022-07-22T18:34:12 IST" name="flushReport" finished-at="2022-07-22T18:34:12 IST" duration-ms="7" status="PASS">
          <reporter-output>
          </reporter-output>
        </test-method> <!-- flushReport -->
      </class> <!-- klovReport.ReportDemo -->
    </test> <!-- Default test -->
  </suite> <!-- Default suite -->
</testng-results>
